  Graph.cpp
c:\users\aryel\source\repos\ary2000\ultimoestructuras\experimento\graph.cpp(56): warning C4244: '=': conversion from '_Ty1' to 'int', possible loss of data
          with
          [
              _Ty1=double
          ]
c:\users\aryel\source\repos\ary2000\ultimoestructuras\experimento\graph.cpp(57): warning C4244: '=': conversion from '_Ty1' to 'int', possible loss of data
          with
          [
              _Ty1=double
          ]
  GUI.cpp
c:\users\aryel\source\repos\ary2000\ultimoestructuras\experimento\gui.h(107): warning C4018: '<': signed/unsigned mismatch
c:\users\aryel\source\repos\ary2000\ultimoestructuras\experimento\gui.h(112): warning C4018: '<': signed/unsigned mismatch
c:\users\aryel\source\repos\ary2000\ultimoestructuras\experimento\gui.h(117): warning C4018: '<': signed/unsigned mismatch
c:\users\aryel\source\repos\ary2000\ultimoestructuras\experimento\graph.h(104): warning C4018: '<': signed/unsigned mismatch
  c:\users\aryel\source\repos\ary2000\ultimoestructuras\experimento\graph.h(104): note: while compiling class template member function 'Graph_lib::Vector_ref<Graph_lib::Button>::~Vector_ref(void)'
  c:\users\aryel\source\repos\ary2000\ultimoestructuras\experimento\gui.h(97): note: see reference to function template instantiation 'Graph_lib::Vector_ref<Graph_lib::Button>::~Vector_ref(void)' being compiled
  c:\users\aryel\source\repos\ary2000\ultimoestructuras\experimento\gui.h(99): note: see reference to class template instantiation 'Graph_lib::Vector_ref<Graph_lib::Button>' being compiled
  token.cpp
c:\users\aryel\source\repos\ary2000\ultimoestructuras\experimento\tokenizador.h(102): warning C4018: '<': signed/unsigned mismatch
c:\users\aryel\source\repos\ary2000\ultimoestructuras\experimento\tokenizador.h(188): warning C4101: 'x': unreferenced local variable
c:\users\aryel\source\repos\ary2000\ultimoestructuras\experimento\tokenizador.h(202): warning C4018: '<': signed/unsigned mismatch
c:\users\aryel\source\repos\ary2000\ultimoestructuras\experimento\tokenizador.h(209): warning C4018: '<': signed/unsigned mismatch
c:\users\aryel\source\repos\ary2000\ultimoestructuras\experimento\tokenizador.h(265): warning C4018: '<': signed/unsigned mismatch
c:\users\aryel\source\repos\ary2000\ultimoestructuras\experimento\tokenizador.h(272): warning C4018: '<': signed/unsigned mismatch
c:\users\aryel\source\repos\ary2000\ultimoestructuras\experimento\gui.h(107): warning C4018: '<': signed/unsigned mismatch
c:\users\aryel\source\repos\ary2000\ultimoestructuras\experimento\gui.h(112): warning C4018: '<': signed/unsigned mismatch
c:\users\aryel\source\repos\ary2000\ultimoestructuras\experimento\gui.h(117): warning C4018: '<': signed/unsigned mismatch
c:\users\aryel\source\repos\ary2000\ultimoestructuras\experimento\tablanodos.h(162): warning C4018: '<': signed/unsigned mismatch
c:\users\aryel\source\repos\ary2000\ultimoestructuras\experimento\tablanodos.h(165): warning C4018: '<': signed/unsigned mismatch
c:\users\aryel\source\repos\ary2000\ultimoestructuras\experimento\tablanodos.h(201): warning C4018: '<': signed/unsigned mismatch
c:\users\aryel\source\repos\ary2000\ultimoestructuras\experimento\tablanodos.h(245): warning C4018: '<': signed/unsigned mismatch
c:\users\aryel\source\repos\ary2000\ultimoestructuras\experimento\tablanodos.h(258): warning C4018: '<': signed/unsigned mismatch
c:\users\aryel\source\repos\ary2000\ultimoestructuras\experimento\tablanodos.h(261): warning C4018: '<': signed/unsigned mismatch
c:\users\aryel\source\repos\ary2000\ultimoestructuras\experimento\tablanodos.h(264): warning C4018: '<': signed/unsigned mismatch
c:\users\aryel\source\repos\ary2000\ultimoestructuras\experimento\tablanodos.h(267): warning C4018: '<': signed/unsigned mismatch
c:\users\aryel\source\repos\ary2000\ultimoestructuras\experimento\tablanodos.h(270): warning C4018: '<': signed/unsigned mismatch
c:\users\aryel\source\repos\ary2000\ultimoestructuras\experimento\graph.h(104): warning C4018: '<': signed/unsigned mismatch
  c:\users\aryel\source\repos\ary2000\ultimoestructuras\experimento\graph.h(104): note: while compiling class template member function 'Graph_lib::Vector_ref<Graph_lib::Button>::~Vector_ref(void)'
  c:\users\aryel\source\repos\ary2000\ultimoestructuras\experimento\gui.h(97): note: see reference to function template instantiation 'Graph_lib::Vector_ref<Graph_lib::Button>::~Vector_ref(void)' being compiled
  c:\users\aryel\source\repos\ary2000\ultimoestructuras\experimento\gui.h(99): note: see reference to class template instantiation 'Graph_lib::Vector_ref<Graph_lib::Button>' being compiled
  Window.cpp
c:\users\aryel\source\repos\ary2000\ultimoestructuras\experimento\gui.h(107): warning C4018: '<': signed/unsigned mismatch
c:\users\aryel\source\repos\ary2000\ultimoestructuras\experimento\gui.h(112): warning C4018: '<': signed/unsigned mismatch
c:\users\aryel\source\repos\ary2000\ultimoestructuras\experimento\gui.h(117): warning C4018: '<': signed/unsigned mismatch
c:\users\aryel\source\repos\ary2000\ultimoestructuras\experimento\window.cpp(59): warning C4018: '<': signed/unsigned mismatch
c:\users\aryel\source\repos\ary2000\ultimoestructuras\experimento\window.cpp(61): warning C4018: '<': signed/unsigned mismatch
c:\users\aryel\source\repos\ary2000\ultimoestructuras\experimento\graph.h(104): warning C4018: '<': signed/unsigned mismatch
  c:\users\aryel\source\repos\ary2000\ultimoestructuras\experimento\graph.h(104): note: while compiling class template member function 'Graph_lib::Vector_ref<Graph_lib::Button>::~Vector_ref(void)'
  c:\users\aryel\source\repos\ary2000\ultimoestructuras\experimento\gui.h(97): note: see reference to function template instantiation 'Graph_lib::Vector_ref<Graph_lib::Button>::~Vector_ref(void)' being compiled
  c:\users\aryel\source\repos\ary2000\ultimoestructuras\experimento\gui.h(99): note: see reference to class template instantiation 'Graph_lib::Vector_ref<Graph_lib::Button>' being compiled
  Generating Code...
  experimento.vcxproj -> C:\Users\aryel\Source\Repos\Ary2000\UltimoEstructuras\Debug\experimento.exe
